<?xml version="1.0" encoding="UTF-8"?>
<testsuite name="com.example.machine_coding.MachineCodingApplicationTests" tests="1" skipped="0" failures="0" errors="0" timestamp="2025-04-12T14:26:18.747Z" hostname="CT1089-216619L" time="0.153">
  <properties/>
  <testcase name="contextLoads()" classname="com.example.machine_coding.MachineCodingApplicationTests" time="0.153"/>
  <system-out><![CDATA[19:56:17.604 [Test worker] DEBUG org.springframework.test.context.BootstrapUtils - Instantiating CacheAwareContextLoaderDelegate from class [org.springframework.test.context.cache.DefaultCacheAwareContextLoaderDelegate]
19:56:17.608 [Test worker] DEBUG org.springframework.test.context.BootstrapUtils - Instantiating BootstrapContext using constructor [public org.springframework.test.context.support.DefaultBootstrapContext(java.lang.Class,org.springframework.test.context.CacheAwareContextLoaderDelegate)]
19:56:17.620 [Test worker] DEBUG org.springframework.test.context.BootstrapUtils - Instantiating TestContextBootstrapper for test class [com.example.machine_coding.MachineCodingApplicationTests] from class [org.springframework.boot.test.context.SpringBootTestContextBootstrapper]
19:56:17.624 [Test worker] INFO org.springframework.boot.test.context.SpringBootTestContextBootstrapper - Neither @ContextConfiguration nor @ContextHierarchy found for test class [com.example.machine_coding.MachineCodingApplicationTests], using SpringBootContextLoader
19:56:17.626 [Test worker] DEBUG org.springframework.test.context.support.AbstractContextLoader - Did not detect default resource location for test class [com.example.machine_coding.MachineCodingApplicationTests]: class path resource [com/example/machine_coding/MachineCodingApplicationTests-context.xml] does not exist
19:56:17.626 [Test worker] DEBUG org.springframework.test.context.support.AbstractContextLoader - Did not detect default resource location for test class [com.example.machine_coding.MachineCodingApplicationTests]: class path resource [com/example/machine_coding/MachineCodingApplicationTestsContext.groovy] does not exist
19:56:17.626 [Test worker] INFO org.springframework.test.context.support.AbstractContextLoader - Could not detect default resource locations for test class [com.example.machine_coding.MachineCodingApplicationTests]: no resource found for suffixes {-context.xml, Context.groovy}.
19:56:17.626 [Test worker] INFO org.springframework.test.context.support.AnnotationConfigContextLoaderUtils - Could not detect default configuration classes for test class [com.example.machine_coding.MachineCodingApplicationTests]: MachineCodingApplicationTests does not declare any static, non-private, non-final, nested classes annotated with @Configuration.
19:56:17.641 [Test worker] DEBUG org.springframework.test.context.support.ActiveProfilesUtils - Could not find an 'annotation declaring class' for annotation type [org.springframework.test.context.ActiveProfiles] and class [com.example.machine_coding.MachineCodingApplicationTests]
19:56:17.666 [Test worker] DEBUG org.springframework.context.annotation.ClassPathScanningCandidateComponentProvider - Identified candidate component class: file [/Users/jahnavi.j1/Downloads/machine-coding/build/classes/java/main/com/example/machine_coding/MachineCodingApplication.class]
19:56:17.667 [Test worker] INFO org.springframework.boot.test.context.SpringBootTestContextBootstrapper - Found @SpringBootConfiguration com.example.machine_coding.MachineCodingApplication for test class com.example.machine_coding.MachineCodingApplicationTests
19:56:17.700 [Test worker] DEBUG org.springframework.boot.test.context.SpringBootTestContextBootstrapper - @TestExecutionListeners is not present for class [com.example.machine_coding.MachineCodingApplicationTests]: using defaults.
19:56:17.701 [Test worker] INFO org.springframework.boot.test.context.SpringBootTestContextBootstrapper - Loaded default TestExecutionListener class names from location [META-INF/spring.factories]: [org.springframework.security.test.context.support.WithSecurityContextTestExecutionListener, org.springframework.security.test.context.support.ReactorContextTestExecutionListener, org.springframework.boot.test.autoconfigure.restdocs.RestDocsTestExecutionListener, org.springframework.boot.test.autoconfigure.web.client.MockRestServiceServerResetTestExecutionListener, org.springframework.boot.test.autoconfigure.web.servlet.MockMvcPrintOnlyOnFailureTestExecutionListener, org.springframework.boot.test.autoconfigure.web.servlet.WebDriverTestExecutionListener, org.springframework.boot.test.autoconfigure.webservices.client.MockWebServiceServerTestExecutionListener, org.springframework.boot.test.mock.mockito.MockitoTestExecutionListener, org.springframework.boot.test.mock.mockito.ResetMocksTestExecutionListener, org.springframework.test.context.web.ServletTestExecutionListener, org.springframework.test.context.support.DirtiesContextBeforeModesTestExecutionListener, org.springframework.test.context.event.ApplicationEventsTestExecutionListener, org.springframework.test.context.support.DependencyInjectionTestExecutionListener, org.springframework.test.context.support.DirtiesContextTestExecutionListener, org.springframework.test.context.transaction.TransactionalTestExecutionListener, org.springframework.test.context.jdbc.SqlScriptsTestExecutionListener, org.springframework.test.context.event.EventPublishingTestExecutionListener]
19:56:17.708 [Test worker] INFO org.springframework.boot.test.context.SpringBootTestContextBootstrapper - Using TestExecutionListeners: [org.springframework.test.context.web.ServletTestExecutionListener@40258c2f, org.springframework.test.context.support.DirtiesContextBeforeModesTestExecutionListener@2cac4385, org.springframework.test.context.event.ApplicationEventsTestExecutionListener@6731787b, org.springframework.boot.test.mock.mockito.MockitoTestExecutionListener@16f7b4af, org.springframework.boot.test.autoconfigure.SpringBootDependencyInjectionTestExecutionListener@7adf16aa, org.springframework.test.context.support.DirtiesContextTestExecutionListener@34a1d21f, org.springframework.test.context.transaction.TransactionalTestExecutionListener@58bf8650, org.springframework.test.context.jdbc.SqlScriptsTestExecutionListener@73c60324, org.springframework.security.test.context.support.WithSecurityContextTestExecutionListener@71ae31b0, org.springframework.test.context.event.EventPublishingTestExecutionListener@4ba534b0, org.springframework.security.test.context.support.ReactorContextTestExecutionListener@6f0ca692, org.springframework.boot.test.autoconfigure.restdocs.RestDocsTestExecutionListener@2c104774, org.springframework.boot.test.autoconfigure.web.client.MockRestServiceServerResetTestExecutionListener@2cb3d0f7, org.springframework.boot.test.autoconfigure.web.servlet.MockMvcPrintOnlyOnFailureTestExecutionListener@4e517165, org.springframework.boot.test.autoconfigure.web.servlet.WebDriverTestExecutionListener@44e3760b, org.springframework.boot.test.autoconfigure.webservices.client.MockWebServiceServerTestExecutionListener@6a66a204, org.springframework.boot.test.mock.mockito.ResetMocksTestExecutionListener@5860f3d7]
19:56:17.709 [Test worker] DEBUG org.springframework.test.context.support.AbstractDirtiesContextTestExecutionListener - Before test class: context [DefaultTestContext@46f699d5 testClass = MachineCodingApplicationTests, testInstance = [null], testMethod = [null], testException = [null], mergedContextConfiguration = [WebMergedContextConfiguration@18518ccf testClass = MachineCodingApplicationTests, locations = '{}', classes = '{class com.example.machine_coding.MachineCodingApplication}', contextInitializerClasses = '[]', activeProfiles = '{}', propertySourceLocations = '{}', propertySourceProperties = '{org.springframework.boot.test.context.SpringBootTestContextBootstrapper=true}', contextCustomizers = set[org.springframework.boot.test.autoconfigure.actuate.metrics.MetricsExportContextCustomizerFactory$DisableMetricExportContextCustomizer@7331196b, org.springframework.boot.test.autoconfigure.properties.PropertyMappingContextCustomizer@0, org.springframework.boot.test.autoconfigure.web.servlet.WebDriverContextCustomizerFactory$Customizer@29ca3d04, org.springframework.boot.test.context.filter.ExcludeFilterContextCustomizer@55493582, org.springframework.boot.test.json.DuplicateJsonObjectContextCustomizerFactory$DuplicateJsonObjectContextCustomizer@34158c08, org.springframework.boot.test.mock.mockito.MockitoContextCustomizer@0, org.springframework.boot.test.web.client.TestRestTemplateContextCustomizer@31dadd46, org.springframework.boot.test.context.SpringBootTestArgs@1, org.springframework.boot.test.context.SpringBootTestWebEnvironment@79da8dc5], resourceBasePath = 'src/main/webapp', contextLoader = 'org.springframework.boot.test.context.SpringBootContextLoader', parent = [null]], attributes = map['org.springframework.test.context.web.ServletTestExecutionListener.activateListener' -> true]], class annotated with @DirtiesContext [false] with mode [null].

  .   ____          _            __ _ _
 /\\ / ___'_ __ _ _(_)_ __  __ _ \ \ \ \
( ( )\___ | '_ | '_| | '_ \/ _` | \ \ \ \
 \\/  ___)| |_)| | | | | || (_| |  ) ) ) )
  '  |____| .__|_| |_|_| |_\__, | / / / /
 =========|_|==============|___/=/_/_/_/
 :: Spring Boot ::               (v2.7.18)

2025-04-12 19:56:17.824  INFO 37092 --- [    Test worker] c.e.m.MachineCodingApplicationTests      : Starting MachineCodingApplicationTests using Java 17.0.11 on CT1089-216619L with PID 37092 (started by jahnavi.j1 in /Users/jahnavi.j1/Downloads/machine-coding)
2025-04-12 19:56:17.825  INFO 37092 --- [    Test worker] c.e.m.MachineCodingApplicationTests      : No active profile set, falling back to 1 default profile: "default"
2025-04-12 19:56:18.638  WARN 37092 --- [    Test worker] .s.s.UserDetailsServiceAutoConfiguration : 

Using generated security password: f83d3c61-aa55-4785-9098-fff87bdcad2a

This generated password is for development use only. Your security configuration must be updated before running your application in production.

2025-04-12 19:56:18.704  INFO 37092 --- [    Test worker] o.s.s.web.DefaultSecurityFilterChain     : Will secure any request with [org.springframework.security.web.session.DisableEncodeUrlFilter@19bfbe28, org.springframework.security.web.context.request.async.WebAsyncManagerIntegrationFilter@2c579202, org.springframework.security.web.context.SecurityContextPersistenceFilter@41a16eb3, org.springframework.security.web.header.HeaderWriterFilter@3c16528d, org.springframework.security.web.csrf.CsrfFilter@53cddaf8, org.springframework.security.web.authentication.logout.LogoutFilter@3070f3e6, org.springframework.security.web.authentication.UsernamePasswordAuthenticationFilter@1182413a, org.springframework.security.web.authentication.ui.DefaultLoginPageGeneratingFilter@7bede4ea, org.springframework.security.web.authentication.ui.DefaultLogoutPageGeneratingFilter@49ced9c7, org.springframework.security.web.authentication.www.BasicAuthenticationFilter@650a1aff, org.springframework.security.web.savedrequest.RequestCacheAwareFilter@19d53ab4, org.springframework.security.web.servletapi.SecurityContextHolderAwareRequestFilter@53cb0bcb, org.springframework.security.web.authentication.AnonymousAuthenticationFilter@11c7a0b4, org.springframework.security.web.session.SessionManagementFilter@bb8ead8, org.springframework.security.web.access.ExceptionTranslationFilter@aa752bb, org.springframework.security.web.access.intercept.FilterSecurityInterceptor@22ae905f]
2025-04-12 19:56:18.739  INFO 37092 --- [    Test worker] c.e.m.MachineCodingApplicationTests      : Started MachineCodingApplicationTests in 1.017 seconds (JVM running for 1.69)
]]></system-out>
  <system-err><![CDATA[]]></system-err>
</testsuite>
